#
# There is insufficient memory for the Java Runtime Environment to continue.
# Native memory allocation (mmap) failed to map 75497472 bytes for committing reserved memory.
# Possible reasons:
#   The system is out of physical RAM or swap space
#   In 32 bit mode, the process size limit was hit
# Possible solutions:
#   Reduce memory load on the system
#   Increase physical memory or swap space
#   Check if swap backing store is full
#   Use 64 bit Java on a 64 bit OS
#   Decrease Java heap size (-Xmx/-Xms)
#   Decrease number of Java threads
#   Decrease Java thread stack sizes (-Xss)
#   Set larger code cache with -XX:ReservedCodeCacheSize=
# This output file may be truncated or incomplete.
#
#  Out of Memory Error (os_linux.cpp:2673), pid=7050, tid=139975343412992
#
# JRE version: Java(TM) SE Runtime Environment (8.0_45-b14) (build 1.8.0_45-b14)
# Java VM: Java HotSpot(TM) 64-Bit Server VM (25.45-b02 mixed mode linux-amd64 compressed oops)
# Failed to write core dump. Core dumps have been disabled. To enable core dumping, try "ulimit -c unlimited" before starting Java again
#

---------------  T H R E A D  ---------------

Current thread (0x00007f4eac13f000):  VMThread [stack: 0x00007f4e8c8f1000,0x00007f4e8c9f2000] [id=7065]

Stack: [0x00007f4e8c8f1000,0x00007f4e8c9f2000],  sp=0x00007f4e8c9effe0,  free space=1019k
Native frames: (J=compiled Java code, j=interpreted, Vv=VM code, C=native code)
V  [libjvm.so+0xaac99a]  VMError::report_and_die()+0x2ba
V  [libjvm.so+0x4f333b]  report_vm_out_of_memory(char const*, int, unsigned long, VMErrorType, char const*)+0x8b
V  [libjvm.so+0x90e7c3]  os::Linux::commit_memory_impl(char*, unsigned long, bool)+0x103
V  [libjvm.so+0x90ed19]  os::pd_commit_memory(char*, unsigned long, unsigned long, bool)+0x29
V  [libjvm.so+0x90867a]  os::commit_memory(char*, unsigned long, unsigned long, bool)+0x2a
V  [libjvm.so+0x97bac3]  PSVirtualSpace::expand_by(unsigned long)+0x53
V  [libjvm.so+0x97cec8]  PSYoungGen::resize_generation(unsigned long, unsigned long)+0xf8
V  [libjvm.so+0x97c022]  PSYoungGen::resize(unsigned long, unsigned long)+0x22
V  [libjvm.so+0x9792fb]  PSScavenge::invoke_no_policy()+0xf7b
V  [libjvm.so+0x979a81]  PSScavenge::invoke()+0x41
V  [libjvm.so+0x932050]  ParallelScavengeHeap::failed_mem_allocate(unsigned long)+0x70
V  [libjvm.so+0xaae1d7]  VM_ParallelGCFailedAllocation::doit()+0x97
V  [libjvm.so+0xab59c5]  VM_Operation::evaluate()+0x55
V  [libjvm.so+0xab3d9a]  VMThread::evaluate_operation(VM_Operation*)+0xba
V  [libjvm.so+0xab411e]  VMThread::loop()+0x1ce
V  [libjvm.so+0xab4590]  VMThread::run()+0x70
V  [libjvm.so+0x910de8]  java_start(Thread*)+0x108

VM_Operation (0x00007f4eb305d570): ParallelGCFailedAllocation, mode: safepoint, requested by thread 0x00007f4eac009800


---------------  P R O C E S S  ---------------

Java Threads: ( => current thread )
  0x00007f4eac192800 JavaThread "Service Thread" daemon [_thread_blocked, id=7072, stack(0x00007f4e8c1ea000,0x00007f4e8c2eb000)]
  0x00007f4eac185800 JavaThread "C1 CompilerThread2" daemon [_thread_blocked, id=7071, stack(0x00007f4e8c2eb000,0x00007f4e8c3ec000)]
  0x00007f4eac183800 JavaThread "C2 CompilerThread1" daemon [_thread_blocked, id=7070, stack(0x00007f4e8c3ec000,0x00007f4e8c4ed000)]
  0x00007f4eac180800 JavaThread "C2 CompilerThread0" daemon [_thread_blocked, id=7069, stack(0x00007f4e8c4ed000,0x00007f4e8c5ee000)]
  0x00007f4eac17f000 JavaThread "Signal Dispatcher" daemon [_thread_blocked, id=7068, stack(0x00007f4e8c5ee000,0x00007f4e8c6ef000)]
  0x00007f4eac146000 JavaThread "Finalizer" daemon [_thread_blocked, id=7067, stack(0x00007f4e8c6ef000,0x00007f4e8c7f0000)]
  0x00007f4eac144000 JavaThread "Reference Handler" daemon [_thread_blocked, id=7066, stack(0x00007f4e8c7f0000,0x00007f4e8c8f1000)]
  0x00007f4eac009800 JavaThread "main" [_thread_blocked, id=7060, stack(0x00007f4eb2f5e000,0x00007f4eb305f000)]

Other Threads:
=>0x00007f4eac13f000 VMThread [stack: 0x00007f4e8c8f1000,0x00007f4e8c9f2000] [id=7065]
  0x00007f4eac195000 WatcherThread [stack: 0x00007f4e8c0e9000,0x00007f4e8c1ea000] [id=7073]

VM state:at safepoint (normal execution)

VM Mutex/Monitor currently owned by a thread:  ([mutex/lock_event])
[0x00007f4eac006170] Threads_lock - owner thread: 0x00007f4eac13f000
[0x00007f4eac006670] Heap_lock - owner thread: 0x00007f4eac009800

Heap:
 PSYoungGen      total 64000K, used 2557K [0x00000000eab00000, 0x00000000eec00000, 0x0000000100000000)
  eden space 61440K, 0% used [0x00000000eab00000,0x00000000eab00000,0x00000000ee700000)
  from space 2560K, 99% used [0x00000000ee700000,0x00000000ee97f4f8,0x00000000ee980000)
  to   space 2560K, 0% used [0x00000000ee980000,0x00000000ee980000,0x00000000eec00000)
 ParOldGen       total 40960K, used 18515K [0x00000000c0000000, 0x00000000c2800000, 0x00000000eab00000)
  object space 40960K, 45% used [0x00000000c0000000,0x00000000c1214f28,0x00000000c2800000)
 Metaspace       used 6681K, capacity 7384K, committed 7680K, reserved 1056768K
  class space    used 654K, capacity 656K, committed 768K, reserved 1048576K

Card table byte_map: [0x00007f4e9ca3f000,0x00007f4e9cc40000] byte_map_base: 0x00007f4e9c43f000

Marking Bits: (ParMarkBitMap*) 0x00007f4eb243d760
 Begin Bits: [0x00007f4e8e000000, 0x00007f4e8f000000)
 End Bits:   [0x00007f4e8f000000, 0x00007f4e90000000)

Polling page: 0x00007f4eb3083000

CodeCache: size=245760Kb used=6646Kb max_used=6657Kb free=239113Kb
 bounds [0x00007f4e9d000000, 0x00007f4e9d690000, 0x00007f4eac000000]
 total_blobs=2294 nmethods=2000 adapters=206
 compilation: enabled

Compilation events (10 events):
Event: 7.306 Thread 0x00007f4eac183800 2002       4       com.android.dx.io.instructions.InstructionCodec$6::encode (26 bytes)
Event: 7.309 Thread 0x00007f4eac183800 nmethod 2002 0x00007f4e9d680d90 code [0x00007f4e9d680f00, 0x00007f4e9d681078]
Event: 7.309 Thread 0x00007f4eac183800 2005       4       com.android.dx.io.instructions.ThreeRegisterDecodedInstruction::withIndex (41 bytes)
Event: 7.312 Thread 0x00007f4eac183800 nmethod 2005 0x00007f4e9d680750 code [0x00007f4e9d6808a0, 0x00007f4e9d680b38]
Event: 7.312 Thread 0x00007f4eac183800 1981       4       com.android.dx.merge.DexMerger$IdMerger$UnsortedValue::<init> (38 bytes)
Event: 7.313 Thread 0x00007f4eac183800 nmethod 1981 0x00007f4e9d680510 code [0x00007f4e9d680660, 0x00007f4e9d6806f8]
Event: 7.319 Thread 0x00007f4eac183800 2006       4       com.android.dex.Dex$Section::readClassData (66 bytes)
Event: 7.357 Thread 0x00007f4eac183800 nmethod 2006 0x00007f4e9d686350 code [0x00007f4e9d686540, 0x00007f4e9d687590]
Event: 7.357 Thread 0x00007f4eac183800 2009       4       java.nio.HeapByteBuffer::get (54 bytes)
Event: 8.769 Thread 0x00007f4eac185800 2011       3       java.util.regex.Pattern$Curly::match (86 bytes)

GC Heap History (9 events):
Event: 2.141 GC heap before
{Heap before GC invocations=1 (full 0):
 PSYoungGen      total 17920K, used 15360K [0x00000000eab00000, 0x00000000ebf00000, 0x0000000100000000)
  eden space 15360K, 100% used [0x00000000eab00000,0x00000000eba00000,0x00000000eba00000)
  from space 2560K, 0% used [0x00000000ebc80000,0x00000000ebc80000,0x00000000ebf00000)
  to   space 2560K, 0% used [0x00000000eba00000,0x00000000eba00000,0x00000000ebc80000)
 ParOldGen       total 40960K, used 0K [0x00000000c0000000, 0x00000000c2800000, 0x00000000eab00000)
  object space 40960K, 0% used [0x00000000c0000000,0x00000000c0000000,0x00000000c2800000)
 Metaspace       used 4937K, capacity 6352K, committed 6528K, reserved 1056768K
  class space    used 498K, capacity 584K, committed 640K, reserved 1048576K
Event: 2.187 GC heap after
Heap after GC invocations=1 (full 0):
 PSYoungGen      total 17920K, used 2531K [0x00000000eab00000, 0x00000000ece00000, 0x0000000100000000)
  eden space 15360K, 0% used [0x00000000eab00000,0x00000000eab00000,0x00000000eba00000)
  from space 2560K, 98% used [0x00000000eba00000,0x00000000ebc78f30,0x00000000ebc80000)
  to   space 2560K, 0% used [0x00000000ecb80000,0x00000000ecb80000,0x00000000ece00000)
 ParOldGen       total 40960K, used 3912K [0x00000000c0000000, 0x00000000c2800000, 0x00000000eab00000)
  object space 40960K, 9% used [0x00000000c0000000,0x00000000c03d2208,0x00000000c2800000)
 Metaspace       used 4937K, capacity 6352K, committed 6528K, reserved 1056768K
  class space    used 498K, capacity 584K, committed 640K, reserved 1048576K
}
Event: 6.282 GC heap before
{Heap before GC invocations=2 (full 0):
 PSYoungGen      total 17920K, used 17891K [0x00000000eab00000, 0x00000000ece00000, 0x0000000100000000)
  eden space 15360K, 100% used [0x00000000eab00000,0x00000000eba00000,0x00000000eba00000)
  from space 2560K, 98% used [0x00000000eba00000,0x00000000ebc78f30,0x00000000ebc80000)
  to   space 2560K, 0% used [0x00000000ecb80000,0x00000000ecb80000,0x00000000ece00000)
 ParOldGen       total 40960K, used 3912K [0x00000000c0000000, 0x00000000c2800000, 0x00000000eab00000)
  object space 40960K, 9% used [0x00000000c0000000,0x00000000c03d2208,0x00000000c2800000)
 Metaspace       used 5975K, capacity 6896K, committed 7040K, reserved 1056768K
  class space    used 583K, capacity 616K, committed 640K, reserved 1048576K
Event: 6.320 GC heap after
Heap after GC invocations=2 (full 0):
 PSYoungGen      total 33280K, used 2536K [0x00000000eab00000, 0x00000000ece00000, 0x0000000100000000)
  eden space 30720K, 0% used [0x00000000eab00000,0x00000000eab00000,0x00000000ec900000)
  from space 2560K, 99% used [0x00000000ecb80000,0x00000000ecdfa240,0x00000000ece00000)
  to   space 2560K, 0% used [0x00000000ec900000,0x00000000ec900000,0x00000000ecb80000)
 ParOldGen       total 40960K, used 8582K [0x00000000c0000000, 0x00000000c2800000, 0x00000000eab00000)
  object space 40960K, 20% used [0x00000000c0000000,0x00000000c0861bc8,0x00000000c2800000)
 Metaspace       used 5975K, capacity 6896K, committed 7040K, reserved 1056768K
  class space    used 583K, capacity 616K, committed 640K, reserved 1048576K
}
Event: 6.944 GC heap before
{Heap before GC invocations=3 (full 0):
 PSYoungGen      total 33280K, used 32514K [0x00000000eab00000, 0x00000000ece00000, 0x0000000100000000)
  eden space 30720K, 97% used [0x00000000eab00000,0x00000000ec846980,0x00000000ec900000)
  from space 2560K, 99% used [0x00000000ecb80000,0x00000000ecdfa240,0x00000000ece00000)
  to   space 2560K, 0% used [0x00000000ec900000,0x00000000ec900000,0x00000000ecb80000)
 ParOldGen       total 40960K, used 8582K [0x00000000c0000000, 0x00000000c2800000, 0x00000000eab00000)
  object space 40960K, 20% used [0x00000000c0000000,0x00000000c0861bc8,0x00000000c2800000)
 Metaspace       used 6643K, capacity 7320K, committed 7680K, reserved 1056768K
  class space    used 653K, capacity 656K, committed 768K, reserved 1048576K
Event: 6.953 GC heap after
Heap after GC invocations=3 (full 0):
 PSYoungGen      total 33280K, used 2534K [0x00000000eab00000, 0x00000000eec00000, 0x0000000100000000)
  eden space 30720K, 0% used [0x00000000eab00000,0x00000000eab00000,0x00000000ec900000)
  from space 2560K, 98% used [0x00000000ec900000,0x00000000ecb798c8,0x00000000ecb80000)
  to   space 2560K, 0% used [0x00000000ee980000,0x00000000ee980000,0x00000000eec00000)
 ParOldGen       total 40960K, used 9834K [0x00000000c0000000, 0x00000000c2800000, 0x00000000eab00000)
  object space 40960K, 24% used [0x00000000c0000000,0x00000000c099a850,0x00000000c2800000)
 Metaspace       used 6643K, capacity 7320K, committed 7680K, reserved 1056768K
  class space    used 653K, capacity 656K, committed 768K, reserved 1048576K
}
Event: 7.117 GC heap before
{Heap before GC invocations=4 (full 0):
 PSYoungGen      total 33280K, used 31753K [0x00000000eab00000, 0x00000000eec00000, 0x0000000100000000)
  eden space 30720K, 95% used [0x00000000eab00000,0x00000000ec788cf8,0x00000000ec900000)
  from space 2560K, 98% used [0x00000000ec900000,0x00000000ecb798c8,0x00000000ecb80000)
  to   space 2560K, 0% used [0x00000000ee980000,0x00000000ee980000,0x00000000eec00000)
 ParOldGen       total 40960K, used 9834K [0x00000000c0000000, 0x00000000c2800000, 0x00000000eab00000)
  object space 40960K, 24% used [0x00000000c0000000,0x00000000c099a850,0x00000000c2800000)
 Metaspace       used 6663K, capacity 7320K, committed 7680K, reserved 1056768K
  class space    used 654K, capacity 656K, committed 768K, reserved 1048576K
Event: 7.134 GC heap after
Heap after GC invocations=4 (full 0):
 PSYoungGen      total 64000K, used 2550K [0x00000000eab00000, 0x00000000eec00000, 0x0000000100000000)
  eden space 61440K, 0% used [0x00000000eab00000,0x00000000eab00000,0x00000000ee700000)
  from space 2560K, 99% used [0x00000000ee980000,0x00000000eebfdac8,0x00000000eec00000)
  to   space 2560K, 0% used [0x00000000ee700000,0x00000000ee700000,0x00000000ee980000)
 ParOldGen       total 40960K, used 14458K [0x00000000c0000000, 0x00000000c2800000, 0x00000000eab00000)
  object space 40960K, 35% used [0x00000000c0000000,0x00000000c0e1e9f0,0x00000000c2800000)
 Metaspace       used 6663K, capacity 7320K, committed 7680K, reserved 1056768K
  class space    used 654K, capacity 656K, committed 768K, reserved 1048576K
}
Event: 8.916 GC heap before
{Heap before GC invocations=5 (full 0):
 PSYoungGen      total 64000K, used 62908K [0x00000000eab00000, 0x00000000eec00000, 0x0000000100000000)
  eden space 61440K, 98% used [0x00000000eab00000,0x00000000ee5f1930,0x00000000ee700000)
  from space 2560K, 99% used [0x00000000ee980000,0x00000000eebfdac8,0x00000000eec00000)
  to   space 2560K, 0% used [0x00000000ee700000,0x00000000ee700000,0x00000000ee980000)
 ParOldGen       total 40960K, used 14458K [0x00000000c0000000, 0x00000000c2800000, 0x00000000eab00000)
  object space 40960K, 35% used [0x00000000c0000000,0x00000000c0e1e9f0,0x00000000c2800000)
 Metaspace       used 6681K, capacity 7384K, committed 7680K, reserved 1056768K
  class space    used 654K, capacity 656K, committed 768K, reserved 1048576K

Deoptimization events (10 events):
Event: 6.226 Thread 0x00007f4eac009800 Uncommon trap: reason=class_check action=maybe_recompile pc=0x00007f4e9d49d954 method=com.android.dex.Leb128.writeUnsignedLeb128(Lcom/android/dex/util/ByteOutput;I)V @ 40
Event: 6.226 Thread 0x00007f4eac009800 Uncommon trap: reason=class_check action=maybe_recompile pc=0x00007f4e9d49d954 method=com.android.dex.Leb128.writeUnsignedLeb128(Lcom/android/dex/util/ByteOutput;I)V @ 40
Event: 6.337 Thread 0x00007f4eac009800 Uncommon trap: reason=unstable_if action=reinterpret pc=0x00007f4e9d49e77c method=java.util.HashMap.putVal(ILjava/lang/Object;Ljava/lang/Object;ZZ)Ljava/lang/Object; @ 162
Event: 6.351 Thread 0x00007f4eac009800 Uncommon trap: reason=predicate action=maybe_recompile pc=0x00007f4e9d4d6c1c method=com.android.dex.Leb128.writeUnsignedLeb128(Lcom/android/dex/util/ByteOutput;I)V @ 9
Event: 6.351 Thread 0x00007f4eac009800 Uncommon trap: reason=unstable_if action=reinterpret pc=0x00007f4e9d3c1e54 method=java.util.HashMap.getNode(ILjava/lang/Object;)Ljava/util/HashMap$Node; @ 84
Event: 6.404 Thread 0x00007f4eac009800 Uncommon trap: reason=unstable_if action=reinterpret pc=0x00007f4e9d3d7a98 method=java.util.HashMap.getNode(ILjava/lang/Object;)Ljava/util/HashMap$Node; @ 84
Event: 6.420 Thread 0x00007f4eac009800 Uncommon trap: reason=unstable_if action=reinterpret pc=0x00007f4e9d4f2154 method=com.android.dx.merge.IndexMap.adjustString(I)I @ 2
Event: 6.639 Thread 0x00007f4eac009800 Uncommon trap: reason=unstable_if action=reinterpret pc=0x00007f4e9d550a60 method=com.android.dex.FieldId.compareTo(Lcom/android/dex/FieldId;)I @ 8
Event: 6.639 Thread 0x00007f4eac009800 Uncommon trap: reason=unstable_if action=reinterpret pc=0x00007f4e9d550d54 method=com.android.dex.FieldId.compareTo(Lcom/android/dex/FieldId;)I @ 8
Event: 6.640 Thread 0x00007f4eac009800 Uncommon trap: reason=predicate action=maybe_recompile pc=0x00007f4e9d533efc method=com.android.dex.Leb128.readUnsignedLeb128(Lcom/android/dex/util/ByteInput;)I @ 41

Internal exceptions (2 events):
Event: 0.829 Thread 0x00007f4eac009800 Exception <a 'java/lang/NoSuchMethodError': Method sun.misc.Unsafe.defineClass(Ljava/lang/String;[BII)Ljava/lang/Class; name or signature does not match> (0x00000000eab12a38) thrown at [/RE-WORK/workspace/8-2-build-linux-amd64/jdk8u45/3457/hotspot/src/sha
Event: 0.829 Thread 0x00007f4eac009800 Exception <a 'java/lang/NoSuchMethodError': Method sun.misc.Unsafe.prefetchRead(Ljava/lang/Object;J)V name or signature does not match> (0x00000000eab12cc8) thrown at [/RE-WORK/workspace/8-2-build-linux-amd64/jdk8u45/3457/hotspot/src/share/vm/prims/jni.cp

Events (10 events):
Event: 7.104 Thread 0x00007f4eac009800 DEOPT UNPACKING pc=0x00007f4e9d047633 sp=0x00007f4eb305d0d0 mode 0
Event: 7.108 Thread 0x00007f4eac009800 DEOPT PACKING pc=0x00007f4e9d59c346 sp=0x00007f4eb305d390
Event: 7.108 Thread 0x00007f4eac009800 DEOPT UNPACKING pc=0x00007f4e9d047633 sp=0x00007f4eb305d0d0 mode 0
Event: 7.117 Executing VM operation: ParallelGCFailedAllocation
Event: 7.134 Executing VM operation: ParallelGCFailedAllocation done
Event: 7.252 Thread 0x00007f4eac009800 DEOPT PACKING pc=0x00007f4e9d33bcc1 sp=0x00007f4eb305d350
Event: 7.252 Thread 0x00007f4eac009800 DEOPT UNPACKING pc=0x00007f4e9d047633 sp=0x00007f4eb305d058 mode 0
Event: 7.258 Thread 0x00007f4eac009800 DEOPT PACKING pc=0x00007f4e9d33bcc1 sp=0x00007f4eb305d350
Event: 7.258 Thread 0x00007f4eac009800 DEOPT UNPACKING pc=0x00007f4e9d047633 sp=0x00007f4eb305d058 mode 0
Event: 8.769 Executing VM operation: ParallelGCFailedAllocation


Dynamic libraries:
00400000-00401000 r-xp 00000000 08:06 4994783                            /usr/lib/jvm/java-8-oracle/jre/bin/java
00600000-00601000 rw-p 00000000 08:06 4994783                            /usr/lib/jvm/java-8-oracle/jre/bin/java
0235b000-0237c000 rw-p 00000000 00:00 0                                  [heap]
c0000000-c2800000 rw-p 00000000 00:00 0 
c2800000-eab00000 ---p 00000000 00:00 0 
eab00000-eec00000 rw-p 00000000 00:00 0 
f3400000-100000000 ---p 00000000 00:00 0 
100000000-1000c0000 rw-p 00000000 00:00 0 
1000c0000-140000000 ---p 00000000 00:00 0 
7f4e5c000000-7f4e5c021000 rw-p 00000000 00:00 0 
7f4e5c021000-7f4e60000000 ---p 00000000 00:00 0 
7f4e64000000-7f4e64617000 rw-p 00000000 00:00 0 
7f4e64617000-7f4e68000000 ---p 00000000 00:00 0 
7f4e68000000-7f4e68021000 rw-p 00000000 00:00 0 
7f4e68021000-7f4e6c000000 ---p 00000000 00:00 0 
7f4e6c000000-7f4e6c7c1000 rw-p 00000000 00:00 0 
7f4e6c7c1000-7f4e70000000 ---p 00000000 00:00 0 
7f4e70000000-7f4e70486000 rw-p 00000000 00:00 0 
7f4e70486000-7f4e74000000 ---p 00000000 00:00 0 
7f4e74000000-7f4e74021000 rw-p 00000000 00:00 0 
7f4e74021000-7f4e78000000 ---p 00000000 00:00 0 
7f4e7b8e4000-7f4e7c000000 r--p 00000000 08:06 4857180                    /usr/lib/locale/locale-archive
7f4e7c000000-7f4e7c021000 rw-p 00000000 00:00 0 
7f4e7c021000-7f4e80000000 ---p 00000000 00:00 0 
7f4e80000000-7f4e80021000 rw-p 00000000 00:00 0 
7f4e80021000-7f4e84000000 ---p 00000000 00:00 0 
7f4e84000000-7f4e8428a000 rw-p 00000000 00:00 0 
7f4e8428a000-7f4e88000000 ---p 00000000 00:00 0 
7f4e88000000-7f4e88021000 rw-p 00000000 00:00 0 
7f4e88021000-7f4e8c000000 ---p 00000000 00:00 0 
7f4e8c0e9000-7f4e8c0ea000 ---p 00000000 00:00 0 
7f4e8c0ea000-7f4e8c1ea000 rw-p 00000000 00:00 0                          [stack:7073]
7f4e8c1ea000-7f4e8c1ed000 ---p 00000000 00:00 0 
7f4e8c1ed000-7f4e8c2eb000 rw-p 00000000 00:00 0                          [stack:7072]
7f4e8c2eb000-7f4e8c2ee000 ---p 00000000 00:00 0 
7f4e8c2ee000-7f4e8c3ec000 rw-p 00000000 00:00 0                          [stack:7071]
7f4e8c3ec000-7f4e8c3ef000 ---p 00000000 00:00 0 
7f4e8c3ef000-7f4e8c4ed000 rw-p 00000000 00:00 0                          [stack:7070]
7f4e8c4ed000-7f4e8c4f0000 ---p 00000000 00:00 0 
7f4e8c4f0000-7f4e8c5ee000 rw-p 00000000 00:00 0                          [stack:7069]
7f4e8c5ee000-7f4e8c5f1000 ---p 00000000 00:00 0 
7f4e8c5f1000-7f4e8c6ef000 rw-p 00000000 00:00 0                          [stack:7068]
7f4e8c6ef000-7f4e8c6f2000 ---p 00000000 00:00 0 
7f4e8c6f2000-7f4e8c7f0000 rw-p 00000000 00:00 0                          [stack:7067]
7f4e8c7f0000-7f4e8c7f3000 ---p 00000000 00:00 0 
7f4e8c7f3000-7f4e8c8f1000 rw-p 00000000 00:00 0                          [stack:7066]
7f4e8c8f1000-7f4e8c8f2000 ---p 00000000 00:00 0 
7f4e8c8f2000-7f4e8dec0000 rw-p 00000000 00:00 0                          [stack:7065]
7f4e8dec0000-7f4e8e000000 ---p 00000000 00:00 0 
7f4e8e000000-7f4e90000000 rw-p 00000000 00:00 0 
7f4e90000000-7f4e90021000 rw-p 00000000 00:00 0 
7f4e90021000-7f4e94000000 ---p 00000000 00:00 0 
7f4e94000000-7f4e94021000 rw-p 00000000 00:00 0 
7f4e94021000-7f4e98000000 ---p 00000000 00:00 0 
7f4e98000000-7f4e98021000 rw-p 00000000 00:00 0 
7f4e98021000-7f4e9c000000 ---p 00000000 00:00 0 
7f4e9c00b000-7f4e9c10c000 rw-p 00000000 00:00 0 
7f4e9c10c000-7f4e9c2e5000 r--s 03d09000 08:06 4994821                    /usr/lib/jvm/java-8-oracle/jre/lib/rt.jar
7f4e9c2e5000-7f4e9c4e5000 rw-p 00000000 00:00 0 
7f4e9c4e5000-7f4e9c4e6000 ---p 00000000 00:00 0 
7f4e9c4e6000-7f4e9c5e6000 rw-p 00000000 00:00 0                          [stack:7064]
7f4e9c5e6000-7f4e9c5e7000 ---p 00000000 00:00 0 
7f4e9c5e7000-7f4e9c6e7000 rw-p 00000000 00:00 0                          [stack:7063]
7f4e9c6e7000-7f4e9c6e8000 ---p 00000000 00:00 0 
7f4e9c6e8000-7f4e9c7e8000 rw-p 00000000 00:00 0                          [stack:7062]
7f4e9c7e8000-7f4e9c7e9000 ---p 00000000 00:00 0 
7f4e9c7e9000-7f4e9c8fd000 rw-p 00000000 00:00 0                          [stack:7061]
7f4e9c8fd000-7f4e9ca3f000 ---p 00000000 00:00 0 
7f4e9ca3f000-7f4e9ca53000 rw-p 00000000 00:00 0 
7f4e9ca53000-7f4e9cb94000 ---p 00000000 00:00 0 
7f4e9cb94000-7f4e9cbb5000 rw-p 00000000 00:00 0 
7f4e9cbb5000-7f4e9cc3f000 ---p 00000000 00:00 0 
7f4e9cc3f000-7f4e9cc5b000 rw-p 00000000 00:00 0 
7f4e9cc5b000-7f4e9d000000 ---p 00000000 00:00 0 
7f4e9d000000-7f4e9d690000 rwxp 00000000 00:00 0 
7f4e9d690000-7f4eac000000 ---p 00000000 00:00 0 
7f4eac000000-7f4eac459000 rw-p 00000000 00:00 0 
7f4eac459000-7f4eb0000000 ---p 00000000 00:00 0 
7f4eb00a2000-7f4eb00b1000 r--s 000dd000 00:25 2761530                    /home/lwin/Android/Sdk/build-tools/22.0.1/lib/dx.jar
7f4eb00b1000-7f4eb0100000 rw-p 00000000 00:00 0 
7f4eb0100000-7f4eb011a000 r-xp 00000000 08:06 5122358                    /usr/lib/jvm/java-8-oracle/jre/lib/amd64/libzip.so
7f4eb011a000-7f4eb031a000 ---p 0001a000 08:06 5122358                    /usr/lib/jvm/java-8-oracle/jre/lib/amd64/libzip.so
7f4eb031a000-7f4eb031b000 rw-p 0001a000 08:06 5122358                    /usr/lib/jvm/java-8-oracle/jre/lib/amd64/libzip.so
7f4eb031b000-7f4eb0326000 r-xp 00000000 08:06 4199209                    /lib/x86_64-linux-gnu/libnss_files-2.19.so
7f4eb0326000-7f4eb0525000 ---p 0000b000 08:06 4199209                    /lib/x86_64-linux-gnu/libnss_files-2.19.so
7f4eb0525000-7f4eb0526000 r--p 0000a000 08:06 4199209                    /lib/x86_64-linux-gnu/libnss_files-2.19.so
7f4eb0526000-7f4eb0527000 rw-p 0000b000 08:06 4199209                    /lib/x86_64-linux-gnu/libnss_files-2.19.so
7f4eb0527000-7f4eb0532000 r-xp 00000000 08:06 4199211                    /lib/x86_64-linux-gnu/libnss_nis-2.19.so
7f4eb0532000-7f4eb0731000 ---p 0000b000 08:06 4199211                    /lib/x86_64-linux-gnu/libnss_nis-2.19.so
7f4eb0731000-7f4eb0732000 r--p 0000a000 08:06 4199211                    /lib/x86_64-linux-gnu/libnss_nis-2.19.so
7f4eb0732000-7f4eb0733000 rw-p 0000b000 08:06 4199211                    /lib/x86_64-linux-gnu/libnss_nis-2.19.so
7f4eb0733000-7f4eb074a000 r-xp 00000000 08:06 4199195                    /lib/x86_64-linux-gnu/libnsl-2.19.so
7f4eb074a000-7f4eb0949000 ---p 00017000 08:06 4199195                    /lib/x86_64-linux-gnu/libnsl-2.19.so
7f4eb0949000-7f4eb094a000 r--p 00016000 08:06 4199195                    /lib/x86_64-linux-gnu/libnsl-2.19.so
7f4eb094a000-7f4eb094b000 rw-p 00017000 08:06 4199195                    /lib/x86_64-linux-gnu/libnsl-2.19.so
7f4eb094b000-7f4eb094d000 rw-p 00000000 00:00 0 
7f4eb094d000-7f4eb0956000 r-xp 00000000 08:06 4199196                    /lib/x86_64-linux-gnu/libnss_compat-2.19.so
7f4eb0956000-7f4eb0b55000 ---p 00009000 08:06 4199196                    /lib/x86_64-linux-gnu/libnss_compat-2.19.so
7f4eb0b55000-7f4eb0b56000 r--p 00008000 08:06 4199196                    /lib/x86_64-linux-gnu/libnss_compat-2.19.so
7f4eb0b56000-7f4eb0b57000 rw-p 00009000 08:06 4199196                    /lib/x86_64-linux-gnu/libnss_compat-2.19.so
7f4eb0b57000-7f4eb0b81000 r-xp 00000000 08:06 5122351                    /usr/lib/jvm/java-8-oracle/jre/lib/amd64/libjava.so
7f4eb0b81000-7f4eb0d81000 ---p 0002a000 08:06 5122351                    /usr/lib/jvm/java-8-oracle/jre/lib/amd64/libjava.so
7f4eb0d81000-7f4eb0d83000 rw-p 0002a000 08:06 5122351                    /usr/lib/jvm/java-8-oracle/jre/lib/amd64/libjava.so
7f4eb0d83000-7f4eb0d90000 r-xp 00000000 08:06 5122391                    /usr/lib/jvm/java-8-oracle/jre/lib/amd64/libverify.so
7f4eb0d90000-7f4eb0f90000 ---p 0000d000 08:06 5122391                    /usr/lib/jvm/java-8-oracle/jre/lib/amd64/libverify.so
7f4eb0f90000-7f4eb0f92000 rw-p 0000d000 08:06 5122391                    /usr/lib/jvm/java-8-oracle/jre/lib/amd64/libverify.so
7f4eb0f92000-7f4eb0f99000 r-xp 00000000 08:06 4199212                    /lib/x86_64-linux-gnu/librt-2.19.so
7f4eb0f99000-7f4eb1198000 ---p 00007000 08:06 4199212                    /lib/x86_64-linux-gnu/librt-2.19.so
7f4eb1198000-7f4eb1199000 r--p 00006000 08:06 4199212                    /lib/x86_64-linux-gnu/librt-2.19.so
7f4eb1199000-7f4eb119a000 rw-p 00007000 08:06 4199212                    /lib/x86_64-linux-gnu/librt-2.19.so
7f4eb119a000-7f4eb129f000 r-xp 00000000 08:06 4199191                    /lib/x86_64-linux-gnu/libm-2.19.so
7f4eb129f000-7f4eb149e000 ---p 00105000 08:06 4199191                    /lib/x86_64-linux-gnu/libm-2.19.so
7f4eb149e000-7f4eb149f000 r--p 00104000 08:06 4199191                    /lib/x86_64-linux-gnu/libm-2.19.so
7f4eb149f000-7f4eb14a0000 rw-p 00105000 08:06 4199191                    /lib/x86_64-linux-gnu/libm-2.19.so
7f4eb14a0000-7f4eb214e000 r-xp 00000000 08:06 5393668                    /usr/lib/jvm/java-8-oracle/jre/lib/amd64/server/libjvm.so
7f4eb214e000-7f4eb234d000 ---p 00cae000 08:06 5393668                    /usr/lib/jvm/java-8-oracle/jre/lib/amd64/server/libjvm.so
7f4eb234d000-7f4eb2424000 rw-p 00cad000 08:06 5393668                    /usr/lib/jvm/java-8-oracle/jre/lib/amd64/server/libjvm.so
7f4eb2424000-7f4eb2468000 rw-p 00000000 00:00 0 
7f4eb2468000-7f4eb2622000 r-xp 00000000 08:06 4199210                    /lib/x86_64-linux-gnu/libc-2.19.so
7f4eb2622000-7f4eb2821000 ---p 001ba000 08:06 4199210                    /lib/x86_64-linux-gnu/libc-2.19.so
7f4eb2821000-7f4eb2825000 r--p 001b9000 08:06 4199210                    /lib/x86_64-linux-gnu/libc-2.19.so
7f4eb2825000-7f4eb2827000 rw-p 001bd000 08:06 4199210                    /lib/x86_64-linux-gnu/libc-2.19.so
7f4eb2827000-7f4eb282c000 rw-p 00000000 00:00 0 
7f4eb282c000-7f4eb282f000 r-xp 00000000 08:06 4199198                    /lib/x86_64-linux-gnu/libdl-2.19.so
7f4eb282f000-7f4eb2a2e000 ---p 00003000 08:06 4199198                    /lib/x86_64-linux-gnu/libdl-2.19.so
7f4eb2a2e000-7f4eb2a2f000 r--p 00002000 08:06 4199198                    /lib/x86_64-linux-gnu/libdl-2.19.so
7f4eb2a2f000-7f4eb2a30000 rw-p 00003000 08:06 4199198                    /lib/x86_64-linux-gnu/libdl-2.19.so
7f4eb2a30000-7f4eb2a45000 r-xp 00000000 08:06 5255500                    /usr/lib/jvm/java-8-oracle/jre/lib/amd64/jli/libjli.so
7f4eb2a45000-7f4eb2c45000 ---p 00015000 08:06 5255500                    /usr/lib/jvm/java-8-oracle/jre/lib/amd64/jli/libjli.so
7f4eb2c45000-7f4eb2c46000 rw-p 00015000 08:06 5255500                    /usr/lib/jvm/java-8-oracle/jre/lib/amd64/jli/libjli.so
7f4eb2c46000-7f4eb2c5f000 r-xp 00000000 08:06 4199199                    /lib/x86_64-linux-gnu/libpthread-2.19.so
7f4eb2c5f000-7f4eb2e5e000 ---p 00019000 08:06 4199199                    /lib/x86_64-linux-gnu/libpthread-2.19.so
7f4eb2e5e000-7f4eb2e5f000 r--p 00018000 08:06 4199199                    /lib/x86_64-linux-gnu/libpthread-2.19.so
7f4eb2e5f000-7f4eb2e60000 rw-p 00019000 08:06 4199199                    /lib/x86_64-linux-gnu/libpthread-2.19.so
7f4eb2e60000-7f4eb2e64000 rw-p 00000000 00:00 0 
7f4eb2e64000-7f4eb2e87000 r-xp 00000000 08:06 4199205                    /lib/x86_64-linux-gnu/ld-2.19.so
7f4eb2e88000-7f4eb2e8d000 r--s 00094000 08:06 4994819                    /usr/lib/jvm/java-8-oracle/jre/lib/jsse.jar
7f4eb2e8d000-7f4eb2f5e000 rw-p 00000000 00:00 0 
7f4eb2f5e000-7f4eb2f61000 ---p 00000000 00:00 0 
7f4eb2f61000-7f4eb3063000 rw-p 00000000 00:00 0                          [stack:7060]
7f4eb3065000-7f4eb307a000 rw-p 00000000 00:00 0 
7f4eb307a000-7f4eb3082000 rw-s 00000000 08:06 3418372                    /tmp/hsperfdata_lwin/7050
7f4eb3082000-7f4eb3083000 rw-p 00000000 00:00 0 
7f4eb3083000-7f4eb3084000 ---p 00000000 00:00 0 
7f4eb3084000-7f4eb3086000 rw-p 00000000 00:00 0 
7f4eb3086000-7f4eb3087000 r--p 00022000 08:06 4199205                    /lib/x86_64-linux-gnu/ld-2.19.so
7f4eb3087000-7f4eb3088000 rw-p 00023000 08:06 4199205                    /lib/x86_64-linux-gnu/ld-2.19.so
7f4eb3088000-7f4eb3089000 rw-p 00000000 00:00 0 
7fff90677000-7fff90698000 rw-p 00000000 00:00 0                          [stack]
7fff906a6000-7fff906a8000 r-xp 00000000 00:00 0                          [vdso]
7fff906a8000-7fff906aa000 r--p 00000000 00:00 0                          [vvar]
ffffffffff600000-ffffffffff601000 r-xp 00000000 00:00 0                  [vsyscall]

VM Arguments:
jvm_args: -Xmx1024M 
java_command: /home/lwin/Android/Sdk/build-tools/22.0.1/lib/dx.jar --dex --no-optimize --output /home/lwin/OpenEmr/app/build/intermediates/dex/debug --input-list=/home/lwin/OpenEmr/app/build/intermediates/tmp/dex/debug/inputList.txt
java_class_path (initial): /home/lwin/Android/Sdk/build-tools/22.0.1/lib/dx.jar
Launcher Type: SUN_STANDARD

Environment Variables:
JAVA_HOME=/opt/jdk1.6.0_34
CLASSPATH=/home/lwin/Documents/android-studio/bin/../lib/bootstrap.jar:/home/lwin/Documents/android-studio/bin/../lib/extensions.jar:/home/lwin/Documents/android-studio/bin/../lib/util.jar:/home/lwin/Documents/android-studio/bin/../lib/jdom.jar:/home/lwin/Documents/android-studio/bin/../lib/log4j.jar:/home/lwin/Documents/android-studio/bin/../lib/trove4j.jar:/home/lwin/Documents/android-studio/bin/../lib/jna.jar:/usr/lib/jvm/java-8-oracle/lib/tools.jar
PATH=/opt/jdk1.6.0_34/bin:/usr/local/sbin:/usr/local/bin:/usr/sbin:/usr/bin:/sbin:/bin:/usr/games:/usr/local/games
LD_LIBRARY_PATH=/home/lwin/Documents/android-studio/bin:
SHELL=/bin/bash
DISPLAY=:0.0

Signal Handlers:
SIGSEGV: [libjvm.so+0xaad1e0], sa_mask[0]=11111111011111111101111111111110, sa_flags=SA_RESTART|SA_SIGINFO
SIGBUS: [libjvm.so+0xaad1e0], sa_mask[0]=11111111011111111101111111111110, sa_flags=SA_RESTART|SA_SIGINFO
SIGFPE: [libjvm.so+0x90b450], sa_mask[0]=11111111011111111101111111111110, sa_flags=SA_RESTART|SA_SIGINFO
SIGPIPE: [libjvm.so+0x90b450], sa_mask[0]=11111111011111111101111111111110, sa_flags=SA_RESTART|SA_SIGINFO
SIGXFSZ: [libjvm.so+0x90b450], sa_mask[0]=11111111011111111101111111111110, sa_flags=SA_RESTART|SA_SIGINFO
SIGILL: [libjvm.so+0x90b450], sa_mask[0]=11111111011111111101111111111110, sa_flags=SA_RESTART|SA_SIGINFO
SIGUSR1: SIG_DFL, sa_mask[0]=00000000000000000000000000000000, sa_flags=none
SIGUSR2: [libjvm.so+0x90ca90], sa_mask[0]=00100000000000000000000000000000, sa_flags=SA_RESTART|SA_SIGINFO
SIGHUP: [libjvm.so+0x90dde0], sa_mask[0]=11111111011111111101111111111110, sa_flags=SA_RESTART|SA_SIGINFO
SIGINT: [libjvm.so+0x90dde0], sa_mask[0]=11111111011111111101111111111110, sa_flags=SA_RESTART|SA_SIGINFO
SIGTERM: [libjvm.so+0x90dde0], sa_mask[0]=11111111011111111101111111111110, sa_flags=SA_RESTART|SA_SIGINFO
SIGQUIT: [libjvm.so+0x90dde0], sa_mask[0]=11111111011111111101111111111110, sa_flags=SA_RESTART|SA_SIGINFO


---------------  S Y S T E M  ---------------

OS:DISTRIB_ID=Ubuntu
DISTRIB_RELEASE=14.10
DISTRIB_CODENAME=utopic
DISTRIB_DESCRIPTION="Ubuntu 14.10"

uname:Linux 3.16.0-23-generic #31-Ubuntu SMP Tue Oct 21 17:56:17 UTC 2014 x86_64
libc:glibc 2.19 NPTL 2.19 
rlimit: STACK 8192k, CORE 0k, NPROC 15075, NOFILE 4096, AS infinity
load average:9.26 3.18 1.57

/proc/meminfo:
MemTotal:        3891256 kB
MemFree:          106240 kB
MemAvailable:      54680 kB
Buffers:             416 kB
Cached:            96484 kB
SwapCached:            0 kB
Active:          3506552 kB
Inactive:          69168 kB
Active(anon):    3498896 kB
Inactive(anon):    58140 kB
Active(file):       7656 kB
Inactive(file):    11028 kB
Unevictable:          32 kB
Mlocked:              32 kB
SwapTotal:             0 kB
SwapFree:              0 kB
Dirty:               168 kB
Writeback:             0 kB
AnonPages:       3479364 kB
Mapped:            56488 kB
Shmem:             77704 kB
Slab:              94640 kB
SReclaimable:      47136 kB
SUnreclaim:        47504 kB
KernelStack:        9776 kB
PageTables:        33324 kB
NFS_Unstable:          0 kB
Bounce:                0 kB
WritebackTmp:          0 kB
CommitLimit:     1945628 kB
Committed_AS:    5479256 kB
VmallocTotal:   34359738367 kB
VmallocUsed:      352260 kB
VmallocChunk:   34359381608 kB
HardwareCorrupted:     0 kB
AnonHugePages:   1603584 kB
HugePages_Total:       0
HugePages_Free:        0
HugePages_Rsvd:        0
HugePages_Surp:        0
Hugepagesize:       2048 kB
DirectMap4k:      108340 kB
DirectMap2M:     3930112 kB


CPU:total 4 (2 cores per cpu, 2 threads per core) family 6 model 58 stepping 9, cmov, cx8, fxsr, mmx, sse, sse2, sse3, ssse3, sse4.1, sse4.2, popcnt, avx, clmul, erms, ht, tsc, tscinvbit, tscinv

/proc/cpuinfo:
processor	: 0
vendor_id	: GenuineIntel
cpu family	: 6
model		: 58
model name	: Intel(R) Core(TM) i3-3110M CPU @ 2.40GHz
stepping	: 9
microcode	: 0x12
cpu MHz		: 1200.000
cache size	: 3072 KB
physical id	: 0
siblings	: 4
core id		: 0
cpu cores	: 2
apicid		: 0
initial apicid	: 0
fpu		: yes
fpu_exception	: yes
cpuid level	: 13
wp		: yes
flags		: fpu vme de pse tsc msr pae mce cx8 apic sep mtrr pge mca cmov pat pse36 clflush dts acpi mmx fxsr sse sse2 ss ht tm pbe syscall nx rdtscp lm constant_tsc arch_perfmon pebs bts rep_good nopl xtopology nonstop_tsc aperfmperf eagerfpu pni pclmulqdq dtes64 monitor ds_cpl vmx est tm2 ssse3 cx16 xtpr pdcm pcid sse4_1 sse4_2 x2apic popcnt tsc_deadline_timer xsave avx f16c lahf_lm arat epb xsaveopt pln pts dtherm tpr_shadow vnmi flexpriority ept vpid fsgsbase smep erms
bogomips	: 4789.12
clflush size	: 64
cache_alignment	: 64
address sizes	: 36 bits physical, 48 bits virtual
power management:

processor	: 1
vendor_id	: GenuineIntel
cpu family	: 6
model		: 58
model name	: Intel(R) Core(TM) i3-3110M CPU @ 2.40GHz
stepping	: 9
microcode	: 0x12
cpu MHz		: 1225.406
cache size	: 3072 KB
physical id	: 0
siblings	: 4
core id		: 0
cpu cores	: 2
apicid		: 1
initial apicid	: 1
fpu		: yes
fpu_exception	: yes
cpuid level	: 13
wp		: yes
flags		: fpu vme de pse tsc msr pae mce cx8 apic sep mtrr pge mca cmov pat pse36 clflush dts acpi mmx fxsr sse sse2 ss ht tm pbe syscall nx rdtscp lm constant_tsc arch_perfmon pebs bts rep_good nopl xtopology nonstop_tsc aperfmperf eagerfpu pni pclmulqdq dtes64 monitor ds_cpl vmx est tm2 ssse3 cx16 xtpr pdcm pcid sse4_1 sse4_2 x2apic popcnt tsc_deadline_timer xsave avx f16c lahf_lm arat epb xsaveopt pln pts dtherm tpr_shadow vnmi flexpriority ept vpid fsgsbase smep erms
bogomips	: 4789.12
clflush size	: 64
cache_alignment	: 64
address sizes	: 36 bits physical, 48 bits virtual
power management:

processor	: 2
vendor_id	: GenuineIntel
cpu family	: 6
model		: 58
model name	: Intel(R) Core(TM) i3-3110M CPU @ 2.40GHz
stepping	: 9
microcode	: 0x12
cpu MHz		: 1200.093
cache size	: 3072 KB
physical id	: 0
siblings	: 4
core id		: 1
cpu cores	: 2
apicid		: 2
initial apicid	: 2
fpu		: yes
fpu_exception	: yes
cpuid level	: 13
wp		: yes
flags		: fpu vme de pse tsc msr pae mce cx8 apic sep mtrr pge mca cmov pat pse36 clflush dts acpi mmx fxsr sse sse2 ss ht tm pbe syscall nx rdtscp lm constant_tsc arch_perfmon pebs bts rep_good nopl xtopology nonstop_tsc aperfmperf eagerfpu pni pclmulqdq dtes64 monitor ds_cpl vmx est tm2 ssse3 cx16 xtpr pdcm pcid sse4_1 sse4_2 x2apic popcnt tsc_deadline_timer xsave avx f16c lahf_lm arat epb xsaveopt pln pts dtherm tpr_shadow vnmi flexpriority ept vpid fsgsbase smep erms
bogomips	: 4789.12
clflush size	: 64
cache_alignment	: 64
address sizes	: 36 bits physical, 48 bits virtual
power management:

processor	: 3
vendor_id	: GenuineIntel
cpu family	: 6
model		: 58
model name	: Intel(R) Core(TM) i3-3110M CPU @ 2.40GHz
stepping	: 9
microcode	: 0x12
cpu MHz		: 1200.000
cache size	: 3072 KB
physical id	: 0
siblings	: 4
core id		: 1
cpu cores	: 2
apicid		: 3
initial apicid	: 3
fpu		: yes
fpu_exception	: yes
cpuid level	: 13
wp		: yes
flags		: fpu vme de pse tsc msr pae mce cx8 apic sep mtrr pge mca cmov pat pse36 clflush dts acpi mmx fxsr sse sse2 ss ht tm pbe syscall nx rdtscp lm constant_tsc arch_perfmon pebs bts rep_good nopl xtopology nonstop_tsc aperfmperf eagerfpu pni pclmulqdq dtes64 monitor ds_cpl vmx est tm2 ssse3 cx16 xtpr pdcm pcid sse4_1 sse4_2 x2apic popcnt tsc_deadline_timer xsave avx f16c lahf_lm arat epb xsaveopt pln pts dtherm tpr_shadow vnmi flexpriority ept vpid fsgsbase smep erms
bogomips	: 4789.12
clflush size	: 64
cache_alignment	: 64
address sizes	: 36 bits physical, 48 bits virtual
power management:



Memory: 4k page, physical 3891256k(105744k free), swap 0k(0k free)

vm_info: Java HotSpot(TM) 64-Bit Server VM (25.45-b02) for linux-amd64 JRE (1.8.0_45-b14), built on Apr 10 2015 10:07:45 by "java_re" with gcc 4.3.0 20080428 (Red Hat 4.3.0-8)

time: Sat Jul 11 17:41:27 2015
elapsed time: 36 seconds (0d 0h 0m 36s)

